info: Microsoft.AspNetCore.DataProtection.KeyManagement.XmlKeyManager[0]
      User profile is available. Using 'C:\Users\Kelvin Guzmán\AppData\Local\ASP.NET\DataProtection-Keys' as key repository and Windows DPAPI to encrypt keys at rest.
Hosting environment: Development
Content root path: C:\inetpub\Home\WebApi
Application started. Press Ctrl+C to shut down.
info: Microsoft.AspNetCore.Hosting.Internal.WebHost[1]
      Request starting HTTP/2.0 GET https://localhost:44350/api/albums/GetAlbums  
info: Microsoft.AspNetCore.Routing.EndpointMiddleware[0]
      Executing endpoint 'WebApi.Controllers.AlbumsController.GetAlbumsAsync (WebApi)'
info: Microsoft.AspNetCore.Mvc.Internal.ControllerActionInvoker[3]
      Route matched with {action = "GetAlbumsAsync", controller = "Albums"}. Executing controller action with signature System.Threading.Tasks.Task`1[System.Collections.Generic.List`1[Domain.Models.AlbumDto]] GetAlbumsAsync() on controller WebApi.Controllers.AlbumsController (WebApi).
info: Microsoft.AspNetCore.Mvc.Internal.ControllerActionInvoker[1]
      Executing action method WebApi.Controllers.AlbumsController.GetAlbumsAsync (WebApi) - Validation state: Valid
dbug: WebApi.Controllers.AlbumsController[0]
      'WebApi.Controllers.AlbumsController+<GetAlbumsAsync>d__4' has been invoked
info: WebApi.Controllers.AlbumsController[0]
      The GetAlbumsAsync have been retrieved successfully.
info: Microsoft.EntityFrameworkCore.Infrastructure[10403]
      Entity Framework Core 2.2.6-servicing-10079 initialized 'HomeDBContext' using provider 'Microsoft.EntityFrameworkCore.SqlServer' with options: None
info: Microsoft.EntityFrameworkCore.Database.Command[20101]
      Executed DbCommand (65ms) [Parameters=[], CommandType='Text', CommandTimeout='30']
      SELECT [a].[UniqueID], [a].[AlbumPriceID], [a].[ArtistID], [a].[CopyRightInfo], [a].[CoverPath], [a].[MusicTypeID], [a].[Name], [a].[Released], [a].[Review]
      FROM [ALBUM] AS [a]
info: Microsoft.EntityFrameworkCore.Database.Command[20101]
      Executed DbCommand (96ms) [Parameters=[@__album_ArtistId_0='?' (DbType = Guid)], CommandType='Text', CommandTimeout='30']
      SELECT TOP(2) [x].[UniqueID], [x].[Name]
      FROM [ARTIST] AS [x]
      WHERE [x].[UniqueID] = @__album_ArtistId_0
info: Microsoft.EntityFrameworkCore.Database.Command[20101]
      Executed DbCommand (60ms) [Parameters=[@__album_MusicTypeId_0='?' (DbType = Guid)], CommandType='Text', CommandTimeout='30']
      SELECT TOP(2) [x].[UniqueID], [x].[Name]
      FROM [MUSIC_TYPE] AS [x]
      WHERE [x].[UniqueID] = @__album_MusicTypeId_0
info: Microsoft.EntityFrameworkCore.Database.Command[20101]
      Executed DbCommand (78ms) [Parameters=[@__album_AlbumPriceId_0='?' (DbType = Guid)], CommandType='Text', CommandTimeout='30']
      SELECT TOP(2) [x].[UniqueID], [x].[Price]
      FROM [ALBUM_PRICE] AS [x]
      WHERE [x].[UniqueID] = @__album_AlbumPriceId_0
info: Microsoft.EntityFrameworkCore.Database.Command[20101]
      Executed DbCommand (126ms) [Parameters=[@__album_UniqueId_0='?' (DbType = Guid)], CommandType='Text', CommandTimeout='30']
      SELECT [x].[UniqueID], [x].[AlbumID], [x].[Name], [x].[Number], [x].[Popularity], [x].[SongPriceID], [x].[Time]
      FROM [SONG] AS [x]
      WHERE [x].[AlbumID] = @__album_UniqueId_0
info: Microsoft.EntityFrameworkCore.Database.Command[20101]
      Executed DbCommand (59ms) [Parameters=[@__song_SongPriceId_0='?' (DbType = Guid)], CommandType='Text', CommandTimeout='30']
      SELECT TOP(2) [x].[UniqueID], [x].[Price]
      FROM [SONG_PRICE] AS [x]
      WHERE [x].[UniqueID] = @__song_SongPriceId_0
info: Microsoft.EntityFrameworkCore.Database.Command[20101]
      Executed DbCommand (64ms) [Parameters=[@__song_SongPriceId_0='?' (DbType = Guid)], CommandType='Text', CommandTimeout='30']
      SELECT TOP(2) [x].[UniqueID], [x].[Price]
      FROM [SONG_PRICE] AS [x]
      WHERE [x].[UniqueID] = @__song_SongPriceId_0
info: Microsoft.EntityFrameworkCore.Database.Command[20101]
      Executed DbCommand (65ms) [Parameters=[@__song_SongPriceId_0='?' (DbType = Guid)], CommandType='Text', CommandTimeout='30']
      SELECT TOP(2) [x].[UniqueID], [x].[Price]
      FROM [SONG_PRICE] AS [x]
      WHERE [x].[UniqueID] = @__song_SongPriceId_0
info: Microsoft.EntityFrameworkCore.Database.Command[20101]
      Executed DbCommand (52ms) [Parameters=[@__song_SongPriceId_0='?' (DbType = Guid)], CommandType='Text', CommandTimeout='30']
      SELECT TOP(2) [x].[UniqueID], [x].[Price]
      FROM [SONG_PRICE] AS [x]
      WHERE [x].[UniqueID] = @__song_SongPriceId_0
info: Microsoft.EntityFrameworkCore.Database.Command[20101]
      Executed DbCommand (55ms) [Parameters=[@__album_UniqueId_0='?' (DbType = Guid)], CommandType='Text', CommandTimeout='30']
      SELECT [x].[UniqueID], [x].[AlbumID], [x].[RatingTypeID]
      FROM [ALBUM_RATING] AS [x]
      WHERE [x].[AlbumID] = @__album_UniqueId_0
info: Microsoft.EntityFrameworkCore.Database.Command[20101]
      Executed DbCommand (46ms) [Parameters=[@__albumRating_RatingTypeId_0='?' (DbType = Guid)], CommandType='Text', CommandTimeout='30']
      SELECT TOP(2) [x].[UniqueID], [x].[Name], [x].[Value]
      FROM [RATING_TYPE] AS [x]
      WHERE [x].[UniqueID] = @__albumRating_RatingTypeId_0
info: Microsoft.EntityFrameworkCore.Database.Command[20101]
      Executed DbCommand (69ms) [Parameters=[@__albumRating_RatingTypeId_0='?' (DbType = Guid)], CommandType='Text', CommandTimeout='30']
      SELECT TOP(2) [x].[UniqueID], [x].[Name], [x].[Value]
      FROM [RATING_TYPE] AS [x]
      WHERE [x].[UniqueID] = @__albumRating_RatingTypeId_0
info: Microsoft.AspNetCore.Mvc.Internal.ControllerActionInvoker[2]
      Executed action method WebApi.Controllers.AlbumsController.GetAlbumsAsync (WebApi), returned result Microsoft.AspNetCore.Mvc.ObjectResult in 2762.5547ms.
info: Microsoft.AspNetCore.Mvc.Infrastructure.ObjectResultExecutor[1]
      Executing ObjectResult, writing value of type 'System.Collections.Generic.List`1[[Domain.Models.AlbumDto, Domain, Version=1.0.0.0, Culture=neutral, PublicKeyToken=null]]'.
info: Microsoft.AspNetCore.Mvc.Internal.ControllerActionInvoker[2]
      Executed action WebApi.Controllers.AlbumsController.GetAlbumsAsync (WebApi) in 4119.7182ms
info: Microsoft.AspNetCore.Routing.EndpointMiddleware[1]
      Executed endpoint 'WebApi.Controllers.AlbumsController.GetAlbumsAsync (WebApi)'
info: Microsoft.AspNetCore.Hosting.Internal.WebHost[2]
      Request finished in 4252.1764ms 200 application/json; charset=utf-8
info: Microsoft.AspNetCore.Hosting.Internal.WebHost[1]
      Request starting HTTP/2.0 GET https://localhost:44350/api/Users/GetUsers  
info: Microsoft.AspNetCore.Routing.EndpointMiddleware[0]
      Executing endpoint 'WebApi.Controllers.UsersController.GetUsers (WebApi)'
info: Microsoft.AspNetCore.Mvc.Internal.ControllerActionInvoker[3]
      Route matched with {action = "GetUsers", controller = "Users"}. Executing controller action with signature Microsoft.AspNetCore.Mvc.IActionResult GetUsers() on controller WebApi.Controllers.UsersController (WebApi).
info: Microsoft.AspNetCore.Mvc.Internal.ControllerActionInvoker[1]
      Executing action method WebApi.Controllers.UsersController.GetUsers (WebApi) - Validation state: Valid
info: Microsoft.EntityFrameworkCore.Infrastructure[10403]
      Entity Framework Core 2.2.6-servicing-10079 initialized 'HomeDBContext' using provider 'Microsoft.EntityFrameworkCore.SqlServer' with options: None
info: Microsoft.EntityFrameworkCore.Database.Command[20101]
      Executed DbCommand (73ms) [Parameters=[], CommandType='Text', CommandTimeout='30']
      SELECT [u].[UniqueId], [u].[Active], [u].[Deleted], [u].[Login], [u].[Password], [u].[Token]
      FROM [USER] AS [u]
info: Microsoft.AspNetCore.Mvc.Internal.ControllerActionInvoker[2]
      Executed action method WebApi.Controllers.UsersController.GetUsers (WebApi), returned result Microsoft.AspNetCore.Mvc.OkObjectResult in 156.3114ms.
info: Microsoft.AspNetCore.Mvc.Infrastructure.ObjectResultExecutor[1]
      Executing ObjectResult, writing value of type 'System.Collections.Generic.HashSet`1[[Domain.Models.UserDto, Domain, Version=1.0.0.0, Culture=neutral, PublicKeyToken=null]]'.
info: Microsoft.AspNetCore.Mvc.Internal.ControllerActionInvoker[2]
      Executed action WebApi.Controllers.UsersController.GetUsers (WebApi) in 233.4609ms
info: Microsoft.AspNetCore.Routing.EndpointMiddleware[1]
      Executed endpoint 'WebApi.Controllers.UsersController.GetUsers (WebApi)'
info: Microsoft.AspNetCore.Hosting.Internal.WebHost[2]
      Request finished in 294.5978ms 200 application/json; charset=utf-8
